10:42:43 INFO  : Registering command handlers for SDK TCF services
10:42:44 INFO  : Launching XSCT server: xsct.bat -interactive C:\FPGA_Projects\SPI_OSC\SPI_OSC.sdk\temp_xsdb_launch_script.tcl
10:42:50 INFO  : XSCT server has started successfully.
10:42:50 INFO  : Successfully done setting XSCT server connection channel  
10:42:53 INFO  : Successfully done setting SDK workspace  
10:42:53 INFO  : Processing command line option -hwspec C:/FPGA_Projects/SPI_OSC/SPI_OSC.sdk/design_1_wrapper.hdf.
10:50:44 INFO  : Connected to target on host '127.0.0.1' and port '3121'.
10:51:10 INFO  : Connected to target on host '127.0.0.1' and port '3121'.
10:51:10 INFO  : 'targets -set -filter {jtag_cable_name =~ "Digilent Cmod A7 - 35T 210328AA0008A" && level==0} -index 0' command is executed.
10:51:11 INFO  : FPGA configured successfully with bitstream "C:/FPGA_Projects/SPI_OSC/SPI_OSC.sdk/design_1_wrapper_hw_platform_0/download.bit"
10:51:36 INFO  : 'targets -set -filter {jtag_cable_name =~ "Digilent Cmod A7 - 35T 210328AA0008A" && level==0} -index 0' command is executed.
10:51:36 INFO  : 'fpga -state' command is executed.
10:51:36 INFO  : Connected to target on host '127.0.0.1' and port '3121'.
10:51:37 INFO  : Jtag cable 'Digilent Cmod A7 - 35T 210328AA0008A' is selected.
10:51:37 INFO  : 'jtag frequency' command is executed.
10:51:37 INFO  : 'configparams mdm-detect-bscan-mask 2' command is executed.
10:51:38 INFO  : Context for processor 'microblaze_0' is selected.
10:51:38 INFO  : Processor reset is completed for 'microblaze_0'.
10:51:38 INFO  : Context for processor 'microblaze_0' is selected.
10:51:38 INFO  : The application 'C:/FPGA_Projects/SPI_OSC/SPI_OSC.sdk/SPI_OSC/Debug/SPI_OSC.elf' is downloaded to processor 'microblaze_0'.
10:51:38 INFO  : ----------------XSDB Script----------------
connect -url tcp:127.0.0.1:3121
configparams mdm-detect-bscan-mask 2
targets -set -nocase -filter {name =~ "microblaze*#0" && bscan=="USER2"  && jtag_cable_name =~ "Digilent Cmod A7 - 35T 210328AA0008A"} -index 0
rst -processor
targets -set -nocase -filter {name =~ "microblaze*#0" && bscan=="USER2"  && jtag_cable_name =~ "Digilent Cmod A7 - 35T 210328AA0008A"} -index 0
dow C:/FPGA_Projects/SPI_OSC/SPI_OSC.sdk/SPI_OSC/Debug/SPI_OSC.elf
----------------End of Script----------------

10:51:38 INFO  : Memory regions updated for context PA
10:51:38 INFO  : Memory regions updated for context MicroBlaze Debug Module at USER2
10:51:38 INFO  : Context for processor 'microblaze_0' is selected.
10:51:38 INFO  : 'con' command is executed.
10:51:38 INFO  : ----------------XSDB Script (After Launch)----------------
targets -set -nocase -filter {name =~ "microblaze*#0" && bscan=="USER2"  && jtag_cable_name =~ "Digilent Cmod A7 - 35T 210328AA0008A"} -index 0
con
----------------End of Script----------------

10:51:38 INFO  : Launch script is exported to file 'C:\FPGA_Projects\SPI_OSC\SPI_OSC.sdk\.sdk\launch_scripts\xilinx_c-c++_application_(system_debugger)\system_debugger_using_debug_spi_osc.elf_on_local.tcl'
10:55:35 INFO  : Disconnected from the channel tcfchan#1.
10:55:36 INFO  : 'targets -set -filter {jtag_cable_name =~ "Digilent Cmod A7 - 35T 210328AA0008A" && level==0} -index 0' command is executed.
10:55:36 INFO  : 'fpga -state' command is executed.
10:55:36 INFO  : Connected to target on host '127.0.0.1' and port '3121'.
10:55:37 INFO  : Jtag cable 'Digilent Cmod A7 - 35T 210328AA0008A' is selected.
10:55:37 INFO  : 'jtag frequency' command is executed.
10:55:37 INFO  : 'configparams mdm-detect-bscan-mask 2' command is executed.
10:55:37 INFO  : Context for processor 'microblaze_0' is selected.
10:55:37 INFO  : Processor reset is completed for 'microblaze_0'.
10:55:37 INFO  : Context for processor 'microblaze_0' is selected.
10:55:37 INFO  : The application 'C:/FPGA_Projects/SPI_OSC/SPI_OSC.sdk/SPI_OSC/Debug/SPI_OSC.elf' is downloaded to processor 'microblaze_0'.
10:55:37 INFO  : ----------------XSDB Script----------------
connect -url tcp:127.0.0.1:3121
configparams mdm-detect-bscan-mask 2
targets -set -nocase -filter {name =~ "microblaze*#0" && bscan=="USER2"  && jtag_cable_name =~ "Digilent Cmod A7 - 35T 210328AA0008A"} -index 0
rst -processor
targets -set -nocase -filter {name =~ "microblaze*#0" && bscan=="USER2"  && jtag_cable_name =~ "Digilent Cmod A7 - 35T 210328AA0008A"} -index 0
dow C:/FPGA_Projects/SPI_OSC/SPI_OSC.sdk/SPI_OSC/Debug/SPI_OSC.elf
----------------End of Script----------------

10:55:37 INFO  : Memory regions updated for context PA
10:55:37 INFO  : Memory regions updated for context MicroBlaze Debug Module at USER2
10:55:37 INFO  : Context for processor 'microblaze_0' is selected.
10:55:37 INFO  : 'con' command is executed.
10:55:37 INFO  : ----------------XSDB Script (After Launch)----------------
targets -set -nocase -filter {name =~ "microblaze*#0" && bscan=="USER2"  && jtag_cable_name =~ "Digilent Cmod A7 - 35T 210328AA0008A"} -index 0
con
----------------End of Script----------------

10:55:37 INFO  : Launch script is exported to file 'C:\FPGA_Projects\SPI_OSC\SPI_OSC.sdk\.sdk\launch_scripts\xilinx_c-c++_application_(system_debugger)\system_debugger_using_debug_spi_osc.elf_on_local.tcl'
10:58:02 INFO  : Disconnected from the channel tcfchan#2.
10:58:03 INFO  : 'targets -set -filter {jtag_cable_name =~ "Digilent Cmod A7 - 35T 210328AA0008A" && level==0} -index 0' command is executed.
10:58:03 INFO  : 'fpga -state' command is executed.
10:58:03 INFO  : Connected to target on host '127.0.0.1' and port '3121'.
10:58:03 INFO  : Jtag cable 'Digilent Cmod A7 - 35T 210328AA0008A' is selected.
10:58:03 INFO  : 'jtag frequency' command is executed.
10:58:03 INFO  : 'configparams mdm-detect-bscan-mask 2' command is executed.
10:58:03 INFO  : Context for processor 'microblaze_0' is selected.
10:58:03 INFO  : Processor reset is completed for 'microblaze_0'.
10:58:03 INFO  : Context for processor 'microblaze_0' is selected.
10:58:04 INFO  : The application 'C:/FPGA_Projects/SPI_OSC/SPI_OSC.sdk/SPI_OSC/Debug/SPI_OSC.elf' is downloaded to processor 'microblaze_0'.
10:58:04 INFO  : ----------------XSDB Script----------------
connect -url tcp:127.0.0.1:3121
configparams mdm-detect-bscan-mask 2
targets -set -nocase -filter {name =~ "microblaze*#0" && bscan=="USER2"  && jtag_cable_name =~ "Digilent Cmod A7 - 35T 210328AA0008A"} -index 0
rst -processor
targets -set -nocase -filter {name =~ "microblaze*#0" && bscan=="USER2"  && jtag_cable_name =~ "Digilent Cmod A7 - 35T 210328AA0008A"} -index 0
dow C:/FPGA_Projects/SPI_OSC/SPI_OSC.sdk/SPI_OSC/Debug/SPI_OSC.elf
----------------End of Script----------------

10:58:04 INFO  : Memory regions updated for context PA
10:58:04 INFO  : Memory regions updated for context MicroBlaze Debug Module at USER2
10:58:04 INFO  : Context for processor 'microblaze_0' is selected.
10:58:04 INFO  : 'con' command is executed.
10:58:04 INFO  : ----------------XSDB Script (After Launch)----------------
targets -set -nocase -filter {name =~ "microblaze*#0" && bscan=="USER2"  && jtag_cable_name =~ "Digilent Cmod A7 - 35T 210328AA0008A"} -index 0
con
----------------End of Script----------------

10:58:04 INFO  : Launch script is exported to file 'C:\FPGA_Projects\SPI_OSC\SPI_OSC.sdk\.sdk\launch_scripts\xilinx_c-c++_application_(system_debugger)\system_debugger_using_debug_spi_osc.elf_on_local.tcl'
11:02:57 INFO  : Connected to target on host '127.0.0.1' and port '3121'.
11:02:57 INFO  : 'targets -set -filter {jtag_cable_name =~ "Digilent Cmod A7 - 35T 210328AA0008A" && level==0} -index 0' command is executed.
11:02:57 INFO  : FPGA configured successfully with bitstream "C:/FPGA_Projects/SPI_OSC/SPI_OSC.sdk/design_1_wrapper_hw_platform_0/download.bit"
11:03:40 INFO  : Disconnected from the channel tcfchan#3.
11:03:41 INFO  : 'targets -set -filter {jtag_cable_name =~ "Digilent Cmod A7 - 35T 210328AA0008A" && level==0} -index 0' command is executed.
11:03:41 INFO  : 'fpga -state' command is executed.
11:03:41 INFO  : Connected to target on host '127.0.0.1' and port '3121'.
11:03:42 INFO  : Jtag cable 'Digilent Cmod A7 - 35T 210328AA0008A' is selected.
11:03:42 INFO  : 'jtag frequency' command is executed.
11:03:42 INFO  : 'configparams mdm-detect-bscan-mask 2' command is executed.
11:03:42 INFO  : Context for processor 'microblaze_0' is selected.
11:03:42 INFO  : Processor reset is completed for 'microblaze_0'.
11:03:42 INFO  : Context for processor 'microblaze_0' is selected.
11:03:42 INFO  : The application 'C:/FPGA_Projects/SPI_OSC/SPI_OSC.sdk/SPI_OSC/Debug/SPI_OSC.elf' is downloaded to processor 'microblaze_0'.
11:03:42 INFO  : ----------------XSDB Script----------------
connect -url tcp:127.0.0.1:3121
configparams mdm-detect-bscan-mask 2
targets -set -nocase -filter {name =~ "microblaze*#0" && bscan=="USER2"  && jtag_cable_name =~ "Digilent Cmod A7 - 35T 210328AA0008A"} -index 0
rst -processor
targets -set -nocase -filter {name =~ "microblaze*#0" && bscan=="USER2"  && jtag_cable_name =~ "Digilent Cmod A7 - 35T 210328AA0008A"} -index 0
dow C:/FPGA_Projects/SPI_OSC/SPI_OSC.sdk/SPI_OSC/Debug/SPI_OSC.elf
----------------End of Script----------------

11:03:42 INFO  : Memory regions updated for context PA
11:03:42 INFO  : Memory regions updated for context MicroBlaze Debug Module at USER2
11:03:42 INFO  : Context for processor 'microblaze_0' is selected.
11:03:42 INFO  : 'con' command is executed.
11:03:42 INFO  : ----------------XSDB Script (After Launch)----------------
targets -set -nocase -filter {name =~ "microblaze*#0" && bscan=="USER2"  && jtag_cable_name =~ "Digilent Cmod A7 - 35T 210328AA0008A"} -index 0
con
----------------End of Script----------------

11:03:42 INFO  : Launch script is exported to file 'C:\FPGA_Projects\SPI_OSC\SPI_OSC.sdk\.sdk\launch_scripts\xilinx_c-c++_application_(system_debugger)\system_debugger_using_debug_spi_osc.elf_on_local.tcl'
11:18:52 INFO  : Disconnected from the channel tcfchan#4.
11:18:53 INFO  : 'targets -set -filter {jtag_cable_name =~ "Digilent Cmod A7 - 35T 210328AA0008A" && level==0} -index 0' command is executed.
11:18:53 INFO  : 'fpga -state' command is executed.
11:18:54 INFO  : Connected to target on host '127.0.0.1' and port '3121'.
11:18:54 INFO  : Jtag cable 'Digilent Cmod A7 - 35T 210328AA0008A' is selected.
11:18:54 INFO  : 'jtag frequency' command is executed.
11:18:54 INFO  : 'configparams mdm-detect-bscan-mask 2' command is executed.
11:18:54 INFO  : Context for processor 'microblaze_0' is selected.
11:18:54 INFO  : Processor reset is completed for 'microblaze_0'.
11:18:54 INFO  : Context for processor 'microblaze_0' is selected.
11:18:54 INFO  : The application 'C:/FPGA_Projects/SPI_OSC/SPI_OSC.sdk/SPI_OSC/Debug/SPI_OSC.elf' is downloaded to processor 'microblaze_0'.
11:18:54 INFO  : ----------------XSDB Script----------------
connect -url tcp:127.0.0.1:3121
configparams mdm-detect-bscan-mask 2
targets -set -nocase -filter {name =~ "microblaze*#0" && bscan=="USER2"  && jtag_cable_name =~ "Digilent Cmod A7 - 35T 210328AA0008A"} -index 0
rst -processor
targets -set -nocase -filter {name =~ "microblaze*#0" && bscan=="USER2"  && jtag_cable_name =~ "Digilent Cmod A7 - 35T 210328AA0008A"} -index 0
dow C:/FPGA_Projects/SPI_OSC/SPI_OSC.sdk/SPI_OSC/Debug/SPI_OSC.elf
----------------End of Script----------------

11:18:54 INFO  : Memory regions updated for context PA
11:18:54 INFO  : Memory regions updated for context MicroBlaze Debug Module at USER2
11:18:54 INFO  : Context for processor 'microblaze_0' is selected.
11:18:54 INFO  : 'con' command is executed.
11:18:54 INFO  : ----------------XSDB Script (After Launch)----------------
targets -set -nocase -filter {name =~ "microblaze*#0" && bscan=="USER2"  && jtag_cable_name =~ "Digilent Cmod A7 - 35T 210328AA0008A"} -index 0
con
----------------End of Script----------------

11:18:54 INFO  : Launch script is exported to file 'C:\FPGA_Projects\SPI_OSC\SPI_OSC.sdk\.sdk\launch_scripts\xilinx_c-c++_application_(system_debugger)\system_debugger_using_debug_spi_osc.elf_on_local.tcl'
11:19:24 INFO  : Disconnected from the channel tcfchan#5.
11:19:25 INFO  : 'targets -set -filter {jtag_cable_name =~ "Digilent Cmod A7 - 35T 210328AA0008A" && level==0} -index 0' command is executed.
11:19:25 INFO  : 'fpga -state' command is executed.
11:19:25 INFO  : Connected to target on host '127.0.0.1' and port '3121'.
11:19:26 INFO  : Jtag cable 'Digilent Cmod A7 - 35T 210328AA0008A' is selected.
11:19:26 INFO  : 'jtag frequency' command is executed.
11:19:26 INFO  : 'configparams mdm-detect-bscan-mask 2' command is executed.
11:19:26 INFO  : Context for processor 'microblaze_0' is selected.
11:19:26 INFO  : Processor reset is completed for 'microblaze_0'.
11:19:26 INFO  : Context for processor 'microblaze_0' is selected.
11:19:26 INFO  : The application 'C:/FPGA_Projects/SPI_OSC/SPI_OSC.sdk/SPI_OSC/Debug/SPI_OSC.elf' is downloaded to processor 'microblaze_0'.
11:19:26 INFO  : ----------------XSDB Script----------------
connect -url tcp:127.0.0.1:3121
configparams mdm-detect-bscan-mask 2
targets -set -nocase -filter {name =~ "microblaze*#0" && bscan=="USER2"  && jtag_cable_name =~ "Digilent Cmod A7 - 35T 210328AA0008A"} -index 0
rst -processor
targets -set -nocase -filter {name =~ "microblaze*#0" && bscan=="USER2"  && jtag_cable_name =~ "Digilent Cmod A7 - 35T 210328AA0008A"} -index 0
dow C:/FPGA_Projects/SPI_OSC/SPI_OSC.sdk/SPI_OSC/Debug/SPI_OSC.elf
----------------End of Script----------------

11:19:26 INFO  : Memory regions updated for context PA
11:19:26 INFO  : Memory regions updated for context MicroBlaze Debug Module at USER2
11:19:26 INFO  : Context for processor 'microblaze_0' is selected.
11:19:26 INFO  : 'con' command is executed.
11:19:26 INFO  : ----------------XSDB Script (After Launch)----------------
targets -set -nocase -filter {name =~ "microblaze*#0" && bscan=="USER2"  && jtag_cable_name =~ "Digilent Cmod A7 - 35T 210328AA0008A"} -index 0
con
----------------End of Script----------------

11:19:26 INFO  : Launch script is exported to file 'C:\FPGA_Projects\SPI_OSC\SPI_OSC.sdk\.sdk\launch_scripts\xilinx_c-c++_application_(system_debugger)\system_debugger_using_debug_spi_osc.elf_on_local.tcl'
11:19:43 INFO  : Disconnected from the channel tcfchan#6.
11:19:45 INFO  : 'targets -set -filter {jtag_cable_name =~ "Digilent Cmod A7 - 35T 210328AA0008A" && level==0} -index 0' command is executed.
11:19:45 INFO  : 'fpga -state' command is executed.
11:19:45 INFO  : Connected to target on host '127.0.0.1' and port '3121'.
11:19:45 INFO  : Jtag cable 'Digilent Cmod A7 - 35T 210328AA0008A' is selected.
11:19:45 INFO  : 'jtag frequency' command is executed.
11:19:45 INFO  : 'configparams mdm-detect-bscan-mask 2' command is executed.
11:19:45 INFO  : Context for processor 'microblaze_0' is selected.
11:19:45 INFO  : Processor reset is completed for 'microblaze_0'.
11:19:45 INFO  : Context for processor 'microblaze_0' is selected.
11:19:45 INFO  : The application 'C:/FPGA_Projects/SPI_OSC/SPI_OSC.sdk/SPI_OSC/Debug/SPI_OSC.elf' is downloaded to processor 'microblaze_0'.
11:19:45 INFO  : ----------------XSDB Script----------------
connect -url tcp:127.0.0.1:3121
configparams mdm-detect-bscan-mask 2
targets -set -nocase -filter {name =~ "microblaze*#0" && bscan=="USER2"  && jtag_cable_name =~ "Digilent Cmod A7 - 35T 210328AA0008A"} -index 0
rst -processor
targets -set -nocase -filter {name =~ "microblaze*#0" && bscan=="USER2"  && jtag_cable_name =~ "Digilent Cmod A7 - 35T 210328AA0008A"} -index 0
dow C:/FPGA_Projects/SPI_OSC/SPI_OSC.sdk/SPI_OSC/Debug/SPI_OSC.elf
----------------End of Script----------------

11:19:45 INFO  : Memory regions updated for context PA
11:19:45 INFO  : Memory regions updated for context MicroBlaze Debug Module at USER2
11:19:46 INFO  : Context for processor 'microblaze_0' is selected.
11:19:46 INFO  : 'con' command is executed.
11:19:46 INFO  : ----------------XSDB Script (After Launch)----------------
targets -set -nocase -filter {name =~ "microblaze*#0" && bscan=="USER2"  && jtag_cable_name =~ "Digilent Cmod A7 - 35T 210328AA0008A"} -index 0
con
----------------End of Script----------------

11:19:46 INFO  : Launch script is exported to file 'C:\FPGA_Projects\SPI_OSC\SPI_OSC.sdk\.sdk\launch_scripts\xilinx_c-c++_application_(system_debugger)\system_debugger_using_debug_spi_osc.elf_on_local.tcl'
11:21:46 INFO  : Disconnected from the channel tcfchan#7.
11:21:47 INFO  : 'targets -set -filter {jtag_cable_name =~ "Digilent Cmod A7 - 35T 210328AA0008A" && level==0} -index 0' command is executed.
11:21:47 INFO  : 'fpga -state' command is executed.
11:21:47 INFO  : Connected to target on host '127.0.0.1' and port '3121'.
11:21:48 INFO  : Jtag cable 'Digilent Cmod A7 - 35T 210328AA0008A' is selected.
11:21:48 INFO  : 'jtag frequency' command is executed.
11:21:48 INFO  : 'configparams mdm-detect-bscan-mask 2' command is executed.
11:21:48 INFO  : Context for processor 'microblaze_0' is selected.
11:21:48 INFO  : Processor reset is completed for 'microblaze_0'.
11:21:48 INFO  : Context for processor 'microblaze_0' is selected.
11:21:48 INFO  : The application 'C:/FPGA_Projects/SPI_OSC/SPI_OSC.sdk/SPI_OSC/Debug/SPI_OSC.elf' is downloaded to processor 'microblaze_0'.
11:21:48 INFO  : ----------------XSDB Script----------------
connect -url tcp:127.0.0.1:3121
configparams mdm-detect-bscan-mask 2
targets -set -nocase -filter {name =~ "microblaze*#0" && bscan=="USER2"  && jtag_cable_name =~ "Digilent Cmod A7 - 35T 210328AA0008A"} -index 0
rst -processor
targets -set -nocase -filter {name =~ "microblaze*#0" && bscan=="USER2"  && jtag_cable_name =~ "Digilent Cmod A7 - 35T 210328AA0008A"} -index 0
dow C:/FPGA_Projects/SPI_OSC/SPI_OSC.sdk/SPI_OSC/Debug/SPI_OSC.elf
----------------End of Script----------------

11:21:48 INFO  : Memory regions updated for context PA
11:21:48 INFO  : Memory regions updated for context MicroBlaze Debug Module at USER2
11:21:48 INFO  : Context for processor 'microblaze_0' is selected.
11:21:48 INFO  : 'con' command is executed.
11:21:48 INFO  : ----------------XSDB Script (After Launch)----------------
targets -set -nocase -filter {name =~ "microblaze*#0" && bscan=="USER2"  && jtag_cable_name =~ "Digilent Cmod A7 - 35T 210328AA0008A"} -index 0
con
----------------End of Script----------------

11:21:48 INFO  : Launch script is exported to file 'C:\FPGA_Projects\SPI_OSC\SPI_OSC.sdk\.sdk\launch_scripts\xilinx_c-c++_application_(system_debugger)\system_debugger_using_debug_spi_osc.elf_on_local.tcl'
11:22:44 INFO  : Disconnected from the channel tcfchan#8.
11:22:46 INFO  : 'targets -set -filter {jtag_cable_name =~ "Digilent Cmod A7 - 35T 210328AA0008A" && level==0} -index 0' command is executed.
11:22:46 INFO  : 'fpga -state' command is executed.
11:22:46 INFO  : Connected to target on host '127.0.0.1' and port '3121'.
11:22:46 INFO  : Jtag cable 'Digilent Cmod A7 - 35T 210328AA0008A' is selected.
11:22:46 INFO  : 'jtag frequency' command is executed.
11:22:46 INFO  : 'configparams mdm-detect-bscan-mask 2' command is executed.
11:22:46 INFO  : Context for processor 'microblaze_0' is selected.
11:22:46 INFO  : Processor reset is completed for 'microblaze_0'.
11:22:46 INFO  : Context for processor 'microblaze_0' is selected.
11:22:46 INFO  : The application 'C:/FPGA_Projects/SPI_OSC/SPI_OSC.sdk/SPI_OSC/Debug/SPI_OSC.elf' is downloaded to processor 'microblaze_0'.
11:22:46 INFO  : ----------------XSDB Script----------------
connect -url tcp:127.0.0.1:3121
configparams mdm-detect-bscan-mask 2
targets -set -nocase -filter {name =~ "microblaze*#0" && bscan=="USER2"  && jtag_cable_name =~ "Digilent Cmod A7 - 35T 210328AA0008A"} -index 0
rst -processor
targets -set -nocase -filter {name =~ "microblaze*#0" && bscan=="USER2"  && jtag_cable_name =~ "Digilent Cmod A7 - 35T 210328AA0008A"} -index 0
dow C:/FPGA_Projects/SPI_OSC/SPI_OSC.sdk/SPI_OSC/Debug/SPI_OSC.elf
----------------End of Script----------------

11:22:46 INFO  : Memory regions updated for context PA
11:22:46 INFO  : Memory regions updated for context MicroBlaze Debug Module at USER2
11:22:47 INFO  : Context for processor 'microblaze_0' is selected.
11:22:47 INFO  : 'con' command is executed.
11:22:47 INFO  : ----------------XSDB Script (After Launch)----------------
targets -set -nocase -filter {name =~ "microblaze*#0" && bscan=="USER2"  && jtag_cable_name =~ "Digilent Cmod A7 - 35T 210328AA0008A"} -index 0
con
----------------End of Script----------------

11:22:47 INFO  : Launch script is exported to file 'C:\FPGA_Projects\SPI_OSC\SPI_OSC.sdk\.sdk\launch_scripts\xilinx_c-c++_application_(system_debugger)\system_debugger_using_debug_spi_osc.elf_on_local.tcl'
11:22:54 INFO  : Disconnected from the channel tcfchan#9.
11:22:56 INFO  : 'targets -set -filter {jtag_cable_name =~ "Digilent Cmod A7 - 35T 210328AA0008A" && level==0} -index 0' command is executed.
11:22:56 INFO  : 'fpga -state' command is executed.
11:22:56 INFO  : Connected to target on host '127.0.0.1' and port '3121'.
11:22:56 INFO  : Jtag cable 'Digilent Cmod A7 - 35T 210328AA0008A' is selected.
11:22:56 INFO  : 'jtag frequency' command is executed.
11:22:56 INFO  : 'configparams mdm-detect-bscan-mask 2' command is executed.
11:22:56 INFO  : Context for processor 'microblaze_0' is selected.
11:22:56 INFO  : Processor reset is completed for 'microblaze_0'.
11:22:56 INFO  : Context for processor 'microblaze_0' is selected.
11:22:56 INFO  : The application 'C:/FPGA_Projects/SPI_OSC/SPI_OSC.sdk/SPI_OSC/Debug/SPI_OSC.elf' is downloaded to processor 'microblaze_0'.
11:22:56 INFO  : ----------------XSDB Script----------------
connect -url tcp:127.0.0.1:3121
configparams mdm-detect-bscan-mask 2
targets -set -nocase -filter {name =~ "microblaze*#0" && bscan=="USER2"  && jtag_cable_name =~ "Digilent Cmod A7 - 35T 210328AA0008A"} -index 0
rst -processor
targets -set -nocase -filter {name =~ "microblaze*#0" && bscan=="USER2"  && jtag_cable_name =~ "Digilent Cmod A7 - 35T 210328AA0008A"} -index 0
dow C:/FPGA_Projects/SPI_OSC/SPI_OSC.sdk/SPI_OSC/Debug/SPI_OSC.elf
----------------End of Script----------------

11:22:57 INFO  : Memory regions updated for context PA
11:22:57 INFO  : Memory regions updated for context MicroBlaze Debug Module at USER2
11:22:57 INFO  : Context for processor 'microblaze_0' is selected.
11:22:57 INFO  : 'con' command is executed.
11:22:57 INFO  : ----------------XSDB Script (After Launch)----------------
targets -set -nocase -filter {name =~ "microblaze*#0" && bscan=="USER2"  && jtag_cable_name =~ "Digilent Cmod A7 - 35T 210328AA0008A"} -index 0
con
----------------End of Script----------------

11:22:57 INFO  : Launch script is exported to file 'C:\FPGA_Projects\SPI_OSC\SPI_OSC.sdk\.sdk\launch_scripts\xilinx_c-c++_application_(system_debugger)\system_debugger_using_debug_spi_osc.elf_on_local.tcl'
11:23:39 INFO  : Disconnected from the channel tcfchan#10.
11:23:40 INFO  : 'targets -set -filter {jtag_cable_name =~ "Digilent Cmod A7 - 35T 210328AA0008A" && level==0} -index 0' command is executed.
11:23:40 INFO  : 'fpga -state' command is executed.
11:23:40 INFO  : Connected to target on host '127.0.0.1' and port '3121'.
11:23:41 INFO  : Jtag cable 'Digilent Cmod A7 - 35T 210328AA0008A' is selected.
11:23:41 INFO  : 'jtag frequency' command is executed.
11:23:41 INFO  : 'configparams mdm-detect-bscan-mask 2' command is executed.
11:23:41 INFO  : Context for processor 'microblaze_0' is selected.
11:23:41 INFO  : Processor reset is completed for 'microblaze_0'.
11:23:41 INFO  : Context for processor 'microblaze_0' is selected.
11:23:41 INFO  : The application 'C:/FPGA_Projects/SPI_OSC/SPI_OSC.sdk/SPI_OSC/Debug/SPI_OSC.elf' is downloaded to processor 'microblaze_0'.
11:23:41 INFO  : ----------------XSDB Script----------------
connect -url tcp:127.0.0.1:3121
configparams mdm-detect-bscan-mask 2
targets -set -nocase -filter {name =~ "microblaze*#0" && bscan=="USER2"  && jtag_cable_name =~ "Digilent Cmod A7 - 35T 210328AA0008A"} -index 0
rst -processor
targets -set -nocase -filter {name =~ "microblaze*#0" && bscan=="USER2"  && jtag_cable_name =~ "Digilent Cmod A7 - 35T 210328AA0008A"} -index 0
dow C:/FPGA_Projects/SPI_OSC/SPI_OSC.sdk/SPI_OSC/Debug/SPI_OSC.elf
----------------End of Script----------------

11:23:41 INFO  : Memory regions updated for context PA
11:23:41 INFO  : Memory regions updated for context MicroBlaze Debug Module at USER2
11:23:41 INFO  : Context for processor 'microblaze_0' is selected.
11:23:41 INFO  : 'con' command is executed.
11:23:41 INFO  : ----------------XSDB Script (After Launch)----------------
targets -set -nocase -filter {name =~ "microblaze*#0" && bscan=="USER2"  && jtag_cable_name =~ "Digilent Cmod A7 - 35T 210328AA0008A"} -index 0
con
----------------End of Script----------------

11:23:41 INFO  : Launch script is exported to file 'C:\FPGA_Projects\SPI_OSC\SPI_OSC.sdk\.sdk\launch_scripts\xilinx_c-c++_application_(system_debugger)\system_debugger_using_debug_spi_osc.elf_on_local.tcl'
11:24:10 INFO  : Disconnected from the channel tcfchan#11.
11:24:11 INFO  : 'targets -set -filter {jtag_cable_name =~ "Digilent Cmod A7 - 35T 210328AA0008A" && level==0} -index 0' command is executed.
11:24:11 INFO  : 'fpga -state' command is executed.
11:24:11 INFO  : Connected to target on host '127.0.0.1' and port '3121'.
11:24:12 INFO  : Jtag cable 'Digilent Cmod A7 - 35T 210328AA0008A' is selected.
11:24:12 INFO  : 'jtag frequency' command is executed.
11:24:12 INFO  : 'configparams mdm-detect-bscan-mask 2' command is executed.
11:24:12 INFO  : Context for processor 'microblaze_0' is selected.
11:24:12 INFO  : Processor reset is completed for 'microblaze_0'.
11:24:12 INFO  : Context for processor 'microblaze_0' is selected.
11:24:12 INFO  : The application 'C:/FPGA_Projects/SPI_OSC/SPI_OSC.sdk/SPI_OSC/Debug/SPI_OSC.elf' is downloaded to processor 'microblaze_0'.
11:24:12 INFO  : ----------------XSDB Script----------------
connect -url tcp:127.0.0.1:3121
configparams mdm-detect-bscan-mask 2
targets -set -nocase -filter {name =~ "microblaze*#0" && bscan=="USER2"  && jtag_cable_name =~ "Digilent Cmod A7 - 35T 210328AA0008A"} -index 0
rst -processor
targets -set -nocase -filter {name =~ "microblaze*#0" && bscan=="USER2"  && jtag_cable_name =~ "Digilent Cmod A7 - 35T 210328AA0008A"} -index 0
dow C:/FPGA_Projects/SPI_OSC/SPI_OSC.sdk/SPI_OSC/Debug/SPI_OSC.elf
----------------End of Script----------------

11:24:12 INFO  : Memory regions updated for context PA
11:24:12 INFO  : Memory regions updated for context MicroBlaze Debug Module at USER2
11:24:12 INFO  : Context for processor 'microblaze_0' is selected.
11:24:12 INFO  : 'con' command is executed.
11:24:12 INFO  : ----------------XSDB Script (After Launch)----------------
targets -set -nocase -filter {name =~ "microblaze*#0" && bscan=="USER2"  && jtag_cable_name =~ "Digilent Cmod A7 - 35T 210328AA0008A"} -index 0
con
----------------End of Script----------------

11:24:12 INFO  : Launch script is exported to file 'C:\FPGA_Projects\SPI_OSC\SPI_OSC.sdk\.sdk\launch_scripts\xilinx_c-c++_application_(system_debugger)\system_debugger_using_debug_spi_osc.elf_on_local.tcl'
11:49:29 INFO  : Connected to target on host '127.0.0.1' and port '3121'.
11:49:29 INFO  : 'targets -set -filter {jtag_cable_name =~ "Digilent Cmod A7 - 35T 210328AA0008A" && level==0} -index 0' command is executed.
11:49:30 INFO  : FPGA configured successfully with bitstream "C:/FPGA_Projects/SPI_OSC/SPI_OSC.sdk/design_1_wrapper_hw_platform_0/download.bit"
11:49:41 INFO  : Disconnected from the channel tcfchan#12.
11:49:42 INFO  : 'targets -set -filter {jtag_cable_name =~ "Digilent Cmod A7 - 35T 210328AA0008A" && level==0} -index 0' command is executed.
11:49:42 INFO  : 'fpga -state' command is executed.
11:49:42 INFO  : Connected to target on host '127.0.0.1' and port '3121'.
11:49:43 INFO  : Jtag cable 'Digilent Cmod A7 - 35T 210328AA0008A' is selected.
11:49:43 INFO  : 'jtag frequency' command is executed.
11:49:43 INFO  : 'configparams mdm-detect-bscan-mask 2' command is executed.
11:49:43 INFO  : Context for processor 'microblaze_0' is selected.
11:49:43 INFO  : Processor reset is completed for 'microblaze_0'.
11:49:43 INFO  : Context for processor 'microblaze_0' is selected.
11:49:43 INFO  : The application 'C:/FPGA_Projects/SPI_OSC/SPI_OSC.sdk/SPI_OSC/Debug/SPI_OSC.elf' is downloaded to processor 'microblaze_0'.
11:49:43 INFO  : ----------------XSDB Script----------------
connect -url tcp:127.0.0.1:3121
configparams mdm-detect-bscan-mask 2
targets -set -nocase -filter {name =~ "microblaze*#0" && bscan=="USER2"  && jtag_cable_name =~ "Digilent Cmod A7 - 35T 210328AA0008A"} -index 0
rst -processor
targets -set -nocase -filter {name =~ "microblaze*#0" && bscan=="USER2"  && jtag_cable_name =~ "Digilent Cmod A7 - 35T 210328AA0008A"} -index 0
dow C:/FPGA_Projects/SPI_OSC/SPI_OSC.sdk/SPI_OSC/Debug/SPI_OSC.elf
----------------End of Script----------------

11:49:43 INFO  : Memory regions updated for context PA
11:49:43 INFO  : Memory regions updated for context MicroBlaze Debug Module at USER2
11:49:44 INFO  : Context for processor 'microblaze_0' is selected.
11:49:44 INFO  : 'con' command is executed.
11:49:44 INFO  : ----------------XSDB Script (After Launch)----------------
targets -set -nocase -filter {name =~ "microblaze*#0" && bscan=="USER2"  && jtag_cable_name =~ "Digilent Cmod A7 - 35T 210328AA0008A"} -index 0
con
----------------End of Script----------------

11:49:44 INFO  : Launch script is exported to file 'C:\FPGA_Projects\SPI_OSC\SPI_OSC.sdk\.sdk\launch_scripts\xilinx_c-c++_application_(system_debugger)\system_debugger_using_debug_spi_osc.elf_on_local.tcl'
12:05:52 INFO  : Connected to target on host '127.0.0.1' and port '3121'.
12:05:52 INFO  : 'targets -set -filter {jtag_cable_name =~ "Digilent Cmod A7 - 35T 210328AA0008A" && level==0} -index 0' command is executed.
12:05:53 INFO  : FPGA configured successfully with bitstream "C:/FPGA_Projects/SPI_OSC/SPI_OSC.sdk/design_1_wrapper_hw_platform_0/download.bit"
12:06:01 INFO  : Disconnected from the channel tcfchan#13.
12:06:02 INFO  : 'targets -set -filter {jtag_cable_name =~ "Digilent Cmod A7 - 35T 210328AA0008A" && level==0} -index 0' command is executed.
12:06:02 INFO  : 'fpga -state' command is executed.
12:06:02 INFO  : Connected to target on host '127.0.0.1' and port '3121'.
12:06:03 INFO  : Jtag cable 'Digilent Cmod A7 - 35T 210328AA0008A' is selected.
12:06:03 INFO  : 'jtag frequency' command is executed.
12:06:03 INFO  : 'configparams mdm-detect-bscan-mask 2' command is executed.
12:06:03 INFO  : Context for processor 'microblaze_0' is selected.
12:06:03 INFO  : Processor reset is completed for 'microblaze_0'.
12:06:03 INFO  : Context for processor 'microblaze_0' is selected.
12:06:03 INFO  : The application 'C:/FPGA_Projects/SPI_OSC/SPI_OSC.sdk/SPI_OSC/Debug/SPI_OSC.elf' is downloaded to processor 'microblaze_0'.
12:06:03 INFO  : ----------------XSDB Script----------------
connect -url tcp:127.0.0.1:3121
configparams mdm-detect-bscan-mask 2
targets -set -nocase -filter {name =~ "microblaze*#0" && bscan=="USER2"  && jtag_cable_name =~ "Digilent Cmod A7 - 35T 210328AA0008A"} -index 0
rst -processor
targets -set -nocase -filter {name =~ "microblaze*#0" && bscan=="USER2"  && jtag_cable_name =~ "Digilent Cmod A7 - 35T 210328AA0008A"} -index 0
dow C:/FPGA_Projects/SPI_OSC/SPI_OSC.sdk/SPI_OSC/Debug/SPI_OSC.elf
----------------End of Script----------------

12:06:03 INFO  : Memory regions updated for context PA
12:06:03 INFO  : Memory regions updated for context MicroBlaze Debug Module at USER2
12:06:04 INFO  : Context for processor 'microblaze_0' is selected.
12:06:04 INFO  : 'con' command is executed.
12:06:04 INFO  : ----------------XSDB Script (After Launch)----------------
targets -set -nocase -filter {name =~ "microblaze*#0" && bscan=="USER2"  && jtag_cable_name =~ "Digilent Cmod A7 - 35T 210328AA0008A"} -index 0
con
----------------End of Script----------------

12:06:04 INFO  : Launch script is exported to file 'C:\FPGA_Projects\SPI_OSC\SPI_OSC.sdk\.sdk\launch_scripts\xilinx_c-c++_application_(system_debugger)\system_debugger_using_debug_spi_osc.elf_on_local.tcl'
12:07:16 INFO  : Disconnected from the channel tcfchan#14.
12:07:17 INFO  : 'targets -set -filter {jtag_cable_name =~ "Digilent Cmod A7 - 35T 210328AA0008A" && level==0} -index 0' command is executed.
12:07:17 INFO  : 'fpga -state' command is executed.
12:07:17 INFO  : Connected to target on host '127.0.0.1' and port '3121'.
12:07:18 INFO  : Jtag cable 'Digilent Cmod A7 - 35T 210328AA0008A' is selected.
12:07:18 INFO  : 'jtag frequency' command is executed.
12:07:18 INFO  : 'configparams mdm-detect-bscan-mask 2' command is executed.
12:07:18 INFO  : Context for processor 'microblaze_0' is selected.
12:07:18 INFO  : Processor reset is completed for 'microblaze_0'.
12:07:18 INFO  : Context for processor 'microblaze_0' is selected.
12:07:18 INFO  : The application 'C:/FPGA_Projects/SPI_OSC/SPI_OSC.sdk/SPI_OSC/Debug/SPI_OSC.elf' is downloaded to processor 'microblaze_0'.
12:07:18 INFO  : ----------------XSDB Script----------------
connect -url tcp:127.0.0.1:3121
configparams mdm-detect-bscan-mask 2
targets -set -nocase -filter {name =~ "microblaze*#0" && bscan=="USER2"  && jtag_cable_name =~ "Digilent Cmod A7 - 35T 210328AA0008A"} -index 0
rst -processor
targets -set -nocase -filter {name =~ "microblaze*#0" && bscan=="USER2"  && jtag_cable_name =~ "Digilent Cmod A7 - 35T 210328AA0008A"} -index 0
dow C:/FPGA_Projects/SPI_OSC/SPI_OSC.sdk/SPI_OSC/Debug/SPI_OSC.elf
----------------End of Script----------------

12:07:18 INFO  : Memory regions updated for context PA
12:07:18 INFO  : Memory regions updated for context MicroBlaze Debug Module at USER2
12:07:18 INFO  : Context for processor 'microblaze_0' is selected.
12:07:18 INFO  : 'con' command is executed.
12:07:18 INFO  : ----------------XSDB Script (After Launch)----------------
targets -set -nocase -filter {name =~ "microblaze*#0" && bscan=="USER2"  && jtag_cable_name =~ "Digilent Cmod A7 - 35T 210328AA0008A"} -index 0
con
----------------End of Script----------------

12:07:18 INFO  : Launch script is exported to file 'C:\FPGA_Projects\SPI_OSC\SPI_OSC.sdk\.sdk\launch_scripts\xilinx_c-c++_application_(system_debugger)\system_debugger_using_debug_spi_osc.elf_on_local.tcl'
12:07:55 INFO  : Connected to target on host '127.0.0.1' and port '3121'.
12:07:55 INFO  : 'targets -set -filter {jtag_cable_name =~ "Digilent Cmod A7 - 35T 210328AA0008A" && level==0} -index 0' command is executed.
12:07:55 INFO  : FPGA configured successfully with bitstream "C:/FPGA_Projects/SPI_OSC/SPI_OSC.sdk/design_1_wrapper_hw_platform_0/download.bit"
12:08:10 INFO  : Disconnected from the channel tcfchan#15.
12:08:11 INFO  : 'targets -set -filter {jtag_cable_name =~ "Digilent Cmod A7 - 35T 210328AA0008A" && level==0} -index 0' command is executed.
12:08:11 INFO  : 'fpga -state' command is executed.
12:08:11 INFO  : Connected to target on host '127.0.0.1' and port '3121'.
12:08:12 INFO  : Jtag cable 'Digilent Cmod A7 - 35T 210328AA0008A' is selected.
12:08:12 INFO  : 'jtag frequency' command is executed.
12:08:12 INFO  : 'configparams mdm-detect-bscan-mask 2' command is executed.
12:08:12 INFO  : Context for processor 'microblaze_0' is selected.
12:08:12 INFO  : Processor reset is completed for 'microblaze_0'.
12:08:12 INFO  : Context for processor 'microblaze_0' is selected.
12:08:12 INFO  : The application 'C:/FPGA_Projects/SPI_OSC/SPI_OSC.sdk/SPI_OSC/Debug/SPI_OSC.elf' is downloaded to processor 'microblaze_0'.
12:08:12 INFO  : ----------------XSDB Script----------------
connect -url tcp:127.0.0.1:3121
configparams mdm-detect-bscan-mask 2
targets -set -nocase -filter {name =~ "microblaze*#0" && bscan=="USER2"  && jtag_cable_name =~ "Digilent Cmod A7 - 35T 210328AA0008A"} -index 0
rst -processor
targets -set -nocase -filter {name =~ "microblaze*#0" && bscan=="USER2"  && jtag_cable_name =~ "Digilent Cmod A7 - 35T 210328AA0008A"} -index 0
dow C:/FPGA_Projects/SPI_OSC/SPI_OSC.sdk/SPI_OSC/Debug/SPI_OSC.elf
----------------End of Script----------------

12:08:12 INFO  : Memory regions updated for context PA
12:08:12 INFO  : Memory regions updated for context MicroBlaze Debug Module at USER2
12:08:13 INFO  : Context for processor 'microblaze_0' is selected.
12:08:13 INFO  : 'con' command is executed.
12:08:13 INFO  : ----------------XSDB Script (After Launch)----------------
targets -set -nocase -filter {name =~ "microblaze*#0" && bscan=="USER2"  && jtag_cable_name =~ "Digilent Cmod A7 - 35T 210328AA0008A"} -index 0
con
----------------End of Script----------------

12:08:13 INFO  : Launch script is exported to file 'C:\FPGA_Projects\SPI_OSC\SPI_OSC.sdk\.sdk\launch_scripts\xilinx_c-c++_application_(system_debugger)\system_debugger_using_debug_spi_osc.elf_on_local.tcl'
12:15:30 INFO  : Disconnected from the channel tcfchan#16.
12:15:31 INFO  : 'targets -set -filter {jtag_cable_name =~ "Digilent Cmod A7 - 35T 210328AA0008A" && level==0} -index 0' command is executed.
12:15:31 INFO  : 'fpga -state' command is executed.
12:15:31 INFO  : Connected to target on host '127.0.0.1' and port '3121'.
12:15:31 INFO  : Jtag cable 'Digilent Cmod A7 - 35T 210328AA0008A' is selected.
12:15:31 INFO  : 'jtag frequency' command is executed.
12:15:31 INFO  : 'configparams mdm-detect-bscan-mask 2' command is executed.
12:15:31 INFO  : Context for processor 'microblaze_0' is selected.
12:15:31 INFO  : Processor reset is completed for 'microblaze_0'.
12:15:32 INFO  : Context for processor 'microblaze_0' is selected.
12:15:32 INFO  : The application 'C:/FPGA_Projects/SPI_OSC/SPI_OSC.sdk/SPI_OSC/Debug/SPI_OSC.elf' is downloaded to processor 'microblaze_0'.
12:15:32 INFO  : ----------------XSDB Script----------------
connect -url tcp:127.0.0.1:3121
configparams mdm-detect-bscan-mask 2
targets -set -nocase -filter {name =~ "microblaze*#0" && bscan=="USER2"  && jtag_cable_name =~ "Digilent Cmod A7 - 35T 210328AA0008A"} -index 0
rst -processor
targets -set -nocase -filter {name =~ "microblaze*#0" && bscan=="USER2"  && jtag_cable_name =~ "Digilent Cmod A7 - 35T 210328AA0008A"} -index 0
dow C:/FPGA_Projects/SPI_OSC/SPI_OSC.sdk/SPI_OSC/Debug/SPI_OSC.elf
----------------End of Script----------------

12:15:32 INFO  : Memory regions updated for context PA
12:15:32 INFO  : Memory regions updated for context MicroBlaze Debug Module at USER2
12:15:32 INFO  : Context for processor 'microblaze_0' is selected.
12:15:32 INFO  : 'con' command is executed.
12:15:32 INFO  : ----------------XSDB Script (After Launch)----------------
targets -set -nocase -filter {name =~ "microblaze*#0" && bscan=="USER2"  && jtag_cable_name =~ "Digilent Cmod A7 - 35T 210328AA0008A"} -index 0
con
----------------End of Script----------------

12:15:32 INFO  : Launch script is exported to file 'C:\FPGA_Projects\SPI_OSC\SPI_OSC.sdk\.sdk\launch_scripts\xilinx_c-c++_application_(system_debugger)\system_debugger_using_debug_spi_osc.elf_on_local.tcl'
